[INFO] Scanning for projects...
[INFO] 
[INFO] ------------------< com.shubham:secure-file-sharing >-------------------
[INFO] Building  0.0.1-SNAPSHOT
[INFO]   from pom.xml
[INFO] --------------------------------[ jar ]---------------------------------
[INFO] 
[INFO] >>> spring-boot:4.0.5:run (default-cli) > test-compile @ secure-file-sharing >>>
[INFO] 
[INFO] --- resources:3.3.1:resources (default-resources) @ secure-file-sharing ---
[INFO] Copying 1 resource from src\main\resources to target\classes
[INFO] Copying 0 resource from src\main\resources to target\classes
[INFO] 
[INFO] --- compiler:3.14.1:compile (default-compile) @ secure-file-sharing ---
[INFO] Nothing to compile - all classes are up to date.
[INFO] 
[INFO] --- resources:3.3.1:testResources (default-testResources) @ secure-file-sharing ---
[INFO] Copying 1 resource from src\test\resources to target\test-classes
[INFO] 
[INFO] --- compiler:3.14.1:testCompile (default-testCompile) @ secure-file-sharing ---
[INFO] Nothing to compile - all classes are up to date.
[INFO] 
[INFO] <<< spring-boot:4.0.5:run (default-cli) < test-compile @ secure-file-sharing <<<
[INFO] 
[INFO] 
[INFO] --- spring-boot:4.0.5:run (default-cli) @ secure-file-sharing ---
[INFO] Attaching agents: []

  .   ____          _            __ _ _
 /\\ / ___'_ __ _ _(_)_ __  __ _ \ \ \ \
( ( )\___ | '_ | '_| | '_ \/ _` | \ \ \ \
 \\/  ___)| |_)| | | | | || (_| |  ) ) ) )
  '  |____| .__|_| |_|_| |_\__, | / / / /
 =========|_|==============|___/=/_/_/_/

 :: Spring Boot ::                (v4.0.5)

2026-04-16T15:51:05.612+05:30  INFO 15188 --- [secure-file-sharing] [           main] c.s.s.SecureFileSharingApplication       : Starting SecureFileSharingApplication using Java 21.0.1 with PID 15188 (D:\secure-file-sharing\target\classes started by MSI-PC in D:\secure-file-sharing)
2026-04-16T15:51:05.612+05:30  INFO 15188 --- [secure-file-sharing] [           main] c.s.s.SecureFileSharingApplication       : No active profile set, falling back to 1 default profile: "default"
2026-04-16T15:51:06.264+05:30  INFO 15188 --- [secure-file-sharing] [           main] .s.d.r.c.RepositoryConfigurationDelegate : Bootstrapping Spring Data JPA repositories in DEFAULT mode.
2026-04-16T15:51:06.311+05:30  INFO 15188 --- [secure-file-sharing] [           main] .s.d.r.c.RepositoryConfigurationDelegate : Finished Spring Data repository scanning in 40 ms. Found 2 JPA repository interfaces.
2026-04-16T15:51:06.885+05:30  INFO 15188 --- [secure-file-sharing] [           main] o.s.boot.tomcat.TomcatWebServer          : Tomcat initialized with port 8081 (http)
2026-04-16T15:51:06.902+05:30  INFO 15188 --- [secure-file-sharing] [           main] o.apache.catalina.core.StandardService   : Starting service [Tomcat]
2026-04-16T15:51:06.902+05:30  INFO 15188 --- [secure-file-sharing] [           main] o.apache.catalina.core.StandardEngine    : Starting Servlet engine: [Apache Tomcat/11.0.20]
2026-04-16T15:51:06.978+05:30  INFO 15188 --- [secure-file-sharing] [           main] b.w.c.s.WebApplicationContextInitializer : Root WebApplicationContext: initialization completed in 1306 ms
2026-04-16T15:51:07.195+05:30  INFO 15188 --- [secure-file-sharing] [           main] org.hibernate.orm.jpa                    : HHH008540: Processing PersistenceUnitInfo [name: default]
2026-04-16T15:51:07.257+05:30  INFO 15188 --- [secure-file-sharing] [           main] org.hibernate.orm.core                   : HHH000001: Hibernate ORM core version 7.2.7.Final
^C