[INFO] Scanning for projects...
[INFO] 
[INFO] ------------------< com.shubham:secure-file-sharing >-------------------
[INFO] Building  0.0.1-SNAPSHOT
[INFO]   from pom.xml
[INFO] --------------------------------[ jar ]---------------------------------
[INFO] 
[INFO] >>> spring-boot:4.0.5:run (default-cli) > test-compile @ secure-file-sharing >>>
[INFO] 
[INFO] --- resources:3.3.1:resources (default-resources) @ secure-file-sharing ---
[INFO] Copying 1 resource from src\main\resources to target\classes
[INFO] Copying 0 resource from src\main\resources to target\classes
[INFO] 
[INFO] --- compiler:3.14.1:compile (default-compile) @ secure-file-sharing ---
[INFO] Nothing to compile - all classes are up to date.
[INFO] 
[INFO] --- resources:3.3.1:testResources (default-testResources) @ secure-file-sharing ---
[INFO] Copying 1 resource from src\test\resources to target\test-classes
[INFO] 
[INFO] --- compiler:3.14.1:testCompile (default-testCompile) @ secure-file-sharing ---
[INFO] Nothing to compile - all classes are up to date.
[INFO] 
[INFO] <<< spring-boot:4.0.5:run (default-cli) < test-compile @ secure-file-sharing <<<
[INFO] 
[INFO] 
[INFO] --- spring-boot:4.0.5:run (default-cli) @ secure-file-sharing ---
[INFO] Attaching agents: []

  .   ____          _            __ _ _
 /\\ / ___'_ __ _ _(_)_ __  __ _ \ \ \ \
( ( )\___ | '_ | '_| | '_ \/ _` | \ \ \ \
 \\/  ___)| |_)| | | | | || (_| |  ) ) ) )
  '  |____| .__|_| |_|_| |_\__, | / / / /
 =========|_|==============|___/=/_/_/_/

 :: Spring Boot ::                (v4.0.5)

2026-04-16T15:52:07.985+05:30  INFO 17788 --- [secure-file-sharing] [           main] c.s.s.SecureFileSharingApplication       : Starting SecureFileSharingApplication using Java 21.0.1 with PID 17788 (D:\secure-file-sharing\target\classes started by MSI-PC in D:\secure-file-sharing)
2026-04-16T15:52:07.985+05:30  INFO 17788 --- [secure-file-sharing] [           main] c.s.s.SecureFileSharingApplication       : No active profile set, falling back to 1 default profile: "default"
2026-04-16T15:52:08.504+05:30  INFO 17788 --- [secure-file-sharing] [           main] .s.d.r.c.RepositoryConfigurationDelegate : Bootstrapping Spring Data JPA repositories in DEFAULT mode.
2026-04-16T15:52:08.546+05:30  INFO 17788 --- [secure-file-sharing] [           main] .s.d.r.c.RepositoryConfigurationDelegate : Finished Spring Data repository scanning in 35 ms. Found 2 JPA repository interfaces.
2026-04-16T15:52:08.975+05:30  INFO 17788 --- [secure-file-sharing] [           main] o.s.boot.tomcat.TomcatWebServer          : Tomcat initialized with port 8080 (http)
2026-04-16T15:52:08.975+05:30  INFO 17788 --- [secure-file-sharing] [           main] o.apache.catalina.core.StandardService   : Starting service [Tomcat]
2026-04-16T15:52:08.975+05:30  INFO 17788 --- [secure-file-sharing] [           main] o.apache.catalina.core.StandardEngine    : Starting Servlet engine: [Apache Tomcat/11.0.20]
2026-04-16T15:52:09.022+05:30  INFO 17788 --- [secure-file-sharing] [           main] b.w.c.s.WebApplicationContextInitializer : Root WebApplicationContext: initialization completed in 992 ms
2026-04-16T15:52:09.211+05:30  INFO 17788 --- [secure-file-sharing] [           main] org.hibernate.orm.jpa                    : HHH008540: Processing PersistenceUnitInfo [name: default]
2026-04-16T15:52:09.242+05:30  INFO 17788 --- [secure-file-sharing] [           main] org.hibernate.orm.core                   : HHH000001: Hibernate ORM core version 7.2.7.Final
2026-04-16T15:52:09.571+05:30  INFO 17788 --- [secure-file-sharing] [           main] o.s.o.j.p.SpringPersistenceUnitInfo      : No LoadTimeWeaver setup: ignoring JPA class transformer
2026-04-16T15:52:09.586+05:30  INFO 17788 --- [secure-file-sharing] [           main] com.zaxxer.hikari.HikariDataSource       : HikariPool-1 - Starting...
2026-04-16T15:52:09.727+05:30  INFO 17788 --- [secure-file-sharing] [           main] com.zaxxer.hikari.pool.HikariPool        : HikariPool-1 - Added connection com.mysql.cj.jdbc.ConnectionImpl@45c408a4
2026-04-16T15:52:09.727+05:30  INFO 17788 --- [secure-file-sharing] [           main] com.zaxxer.hikari.HikariDataSource       : HikariPool-1 - Start completed.
2026-04-16T15:52:09.805+05:30  INFO 17788 --- [secure-file-sharing] [           main] org.hibernate.orm.connections.pooling    : HHH10001005: Database info:
	Database JDBC URL [jdbc:mysql://localhost:3306/secure_file_sharing?createDatabaseIfNotExist=true&useSSL=false&allowPublicKeyRetrieval=true&serverTimezone=Asia/Kolkata]
	Database driver: MySQL Connector/J
	Database dialect: MySQLDialect
	Database version: 8.0.41
	Default catalog/schema: secure_file_sharing/undefined
	Autocommit mode: undefined/unknown
	Isolation level: REPEATABLE_READ [default REPEATABLE_READ]
	JDBC fetch size: none
	Pool: DataSourceConnectionProvider
	Minimum pool size: undefined/unknown
	Maximum pool size: undefined/unknown
2026-04-16T15:52:10.555+05:30  INFO 17788 --- [secure-file-sharing] [           main] org.hibernate.orm.core                   : HHH000489: No JTA platform available (set 'hibernate.transaction.jta.platform' to enable JTA platform integration)
2026-04-16T15:52:10.617+05:30  INFO 17788 --- [secure-file-sharing] [           main] j.LocalContainerEntityManagerFactoryBean : Initialized JPA EntityManagerFactory for persistence unit 'default'
2026-04-16T15:52:10.680+05:30  INFO 17788 --- [secure-file-sharing] [           main] o.s.d.j.r.query.QueryEnhancerFactories   : Hibernate is in classpath; If applicable, HQL parser will be used.
2026-04-16T15:52:10.953+05:30  WARN 17788 --- [secure-file-sharing] [           main] .s.a.UserDetailsServiceAutoConfiguration : 

Using generated security password: 9d88ea71-f685-48c9-9b9b-92a50a62d3db

This generated password is for development use only. Your security configuration must be updated before running your application in production.

2026-04-16T15:52:10.953+05:30  INFO 17788 --- [secure-file-sharing] [           main] r$InitializeUserDetailsManagerConfigurer : Global AuthenticationManager configured with UserDetailsService bean with name inMemoryUserDetailsManager
2026-04-16T15:52:11.314+05:30  INFO 17788 --- [secure-file-sharing] [           main] o.s.boot.tomcat.TomcatWebServer          : Tomcat started on port 8080 (http) with context path '/'
2026-04-16T15:52:11.314+05:30  INFO 17788 --- [secure-file-sharing] [           main] c.s.s.SecureFileSharingApplication       : Started SecureFileSharingApplication in 3.686 seconds (process running for 4.06)
2026-04-16T15:52:20.822+05:30  INFO 17788 --- [secure-file-sharing] [nio-8080-exec-6] o.a.c.c.C.[Tomcat].[localhost].[/]       : Initializing Spring DispatcherServlet 'dispatcherServlet'
2026-04-16T15:52:20.822+05:30  INFO 17788 --- [secure-file-sharing] [nio-8080-exec-6] o.s.web.servlet.DispatcherServlet        : Initializing Servlet 'dispatcherServlet'
2026-04-16T15:52:20.822+05:30  INFO 17788 --- [secure-file-sharing] [nio-8080-exec-6] o.s.web.servlet.DispatcherServlet        : Completed initialization in 0 ms
^C